\BOOKMARK [1][-]{section.1}{Math}{}% 1
\BOOKMARK [2][-]{subsection.1.1}{Quick power}{section.1}% 2
\BOOKMARK [2][-]{subsection.1.2}{Matrix multiply}{section.1}% 3
\BOOKMARK [2][-]{subsection.1.3}{Matrix quick power}{section.1}% 4
\BOOKMARK [2][-]{subsection.1.4}{Primes}{section.1}% 5
\BOOKMARK [2][-]{subsection.1.5}{Moebius function}{section.1}% 6
\BOOKMARK [2][-]{subsection.1.6}{Linear basis}{section.1}% 7
\BOOKMARK [2][-]{subsection.1.7}{Fast Fourier Transform}{section.1}% 8
\BOOKMARK [2][-]{subsection.1.8}{Simplex}{section.1}% 9
\BOOKMARK [1][-]{section.2}{Graph theory}{}% 10
\BOOKMARK [2][-]{subsection.2.1}{Kruskal}{section.2}% 11
\BOOKMARK [2][-]{subsection.2.2}{Dijkstra}{section.2}% 12
\BOOKMARK [2][-]{subsection.2.3}{Bellman-Ford}{section.2}% 13
\BOOKMARK [2][-]{subsection.2.4}{Topological sorting}{section.2}% 14
\BOOKMARK [2][-]{subsection.2.5}{Edmonds-Karp}{section.2}% 15
\BOOKMARK [2][-]{subsection.2.6}{Dinic}{section.2}% 16
\BOOKMARK [2][-]{subsection.2.7}{Min cost max flow \(repeated Dijkstra\)}{section.2}% 17
\BOOKMARK [2][-]{subsection.2.8}{Hungary}{section.2}% 18
\BOOKMARK [2][-]{subsection.2.9}{Kuhn-Munkres}{section.2}% 19
\BOOKMARK [2][-]{subsection.2.10}{SCC decomposition}{section.2}% 20
\BOOKMARK [2][-]{subsection.2.11}{2-SAT}{section.2}% 21
\BOOKMARK [2][-]{subsection.2.12}{LCA \(doubling\)}{section.2}% 22
\BOOKMARK [2][-]{subsection.2.13}{LCA \(RMQ\)}{section.2}% 23
\BOOKMARK [2][-]{subsection.2.14}{LCA \(Tarjan\)}{section.2}% 24
\BOOKMARK [2][-]{subsection.2.15}{Diameter of tree}{section.2}% 25
\BOOKMARK [2][-]{subsection.2.16}{Maximum density subgraph}{section.2}% 26
\BOOKMARK [1][-]{section.3}{Data structures}{}% 27
\BOOKMARK [2][-]{subsection.3.1}{Discretization}{section.3}% 28
\BOOKMARK [2][-]{subsection.3.2}{Segment tree \(add\)}{section.3}% 29
\BOOKMARK [2][-]{subsection.3.3}{Segment tree \(add, set\)}{section.3}% 30
\BOOKMARK [2][-]{subsection.3.4}{Segment tree \(add, multiply\)}{section.3}% 31
\BOOKMARK [2][-]{subsection.3.5}{Segment tree \(sum of sums\)}{section.3}% 32
\BOOKMARK [2][-]{subsection.3.6}{Heap}{section.3}% 33
\BOOKMARK [2][-]{subsection.3.7}{RMQ}{section.3}% 34
\BOOKMARK [2][-]{subsection.3.8}{Weighted union find}{section.3}% 35
\BOOKMARK [2][-]{subsection.3.9}{Treap}{section.3}% 36
\BOOKMARK [2][-]{subsection.3.10}{Cartesian tree}{section.3}% 37
\BOOKMARK [2][-]{subsection.3.11}{Expression tree}{section.3}% 38
\BOOKMARK [2][-]{subsection.3.12}{Persistent segment tree}{section.3}% 39
\BOOKMARK [2][-]{subsection.3.13}{Chain decomposition}{section.3}% 40
\BOOKMARK [1][-]{section.4}{String}{}% 41
\BOOKMARK [2][-]{subsection.4.1}{KMP}{section.4}% 42
\BOOKMARK [2][-]{subsection.4.2}{Aho-Corasick automaton}{section.4}% 43
\BOOKMARK [2][-]{subsection.4.3}{Suffix array}{section.4}% 44
\BOOKMARK [2][-]{subsection.4.4}{Suffix array \(SA-IS\)}{section.4}% 45
\BOOKMARK [2][-]{subsection.4.5}{Manacher}{section.4}% 46
\BOOKMARK [2][-]{subsection.4.6}{Palindromic automaton}{section.4}% 47
\BOOKMARK [1][-]{section.5}{Geometry}{}% 48
\BOOKMARK [2][-]{subsection.5.1}{2-D vector}{section.5}% 49
\BOOKMARK [2][-]{subsection.5.2}{2-D line}{section.5}% 50
\BOOKMARK [2][-]{subsection.5.3}{Area of polygon}{section.5}% 51
\BOOKMARK [2][-]{subsection.5.4}{Point-polygon distance}{section.5}% 52
\BOOKMARK [2][-]{subsection.5.5}{Segment+circle intersection}{section.5}% 53
\BOOKMARK [2][-]{subsection.5.6}{Half-plane intersection}{section.5}% 54
\BOOKMARK [2][-]{subsection.5.7}{Convex hull}{section.5}% 55
\BOOKMARK [2][-]{subsection.5.8}{Rotating calipers}{section.5}% 56
\BOOKMARK [1][-]{section.6}{IO}{}% 57
\BOOKMARK [2][-]{subsection.6.1}{Fast read}{section.6}% 58
\BOOKMARK [2][-]{subsection.6.2}{Fast input \(fin\)}{section.6}% 59
